<?xml version="1.0" encoding="UTF-8" ?>
<testsuites errors="2"
            failures="1"
            tests="1">

  <testsuite name="salon"
    errors="2" failures="1" hostname="" id="" package="salon" skipped="0"
    tests="1" time="5.709" timestamp="Fri, 13 Apr 2018 16:46:51 GMT">
  
    <testcase name="Login Page Initial Render" classname="salon" time="5.709" assertions="5">

      <failure message="Testing if element &lt;#loginUsername&gt; is visible. Element could not be located.">    at Object.Login Page Initial Render (/Users/maryogbe/Documents/SalonSample/nightwatch-test/salon.js:12:15)
    at process._tickCallback (internal/process/next_tick.js:112:11)</failure>

      <failure message="Testing if element &lt;#loginPassword&gt; is visible. Element could not be located.">    at Object.Login Page Initial Render (/Users/maryogbe/Documents/SalonSample/nightwatch-test/salon.js:13:15)
    at process._tickCallback (internal/process/next_tick.js:112:11)</failure>

      <failure message="Testing if value of &lt;button[type=submit]&gt; equals: &#34;Login&#34;.">    at Object.Login Page Initial Render (/Users/maryogbe/Documents/SalonSample/nightwatch-test/salon.js:14:15)
    at process._tickCallback (internal/process/next_tick.js:112:11)</failure>

      <failure message="Testing if element &lt;#loginPassword&gt; is present.">    at Object.Login Page Initial Render (/Users/maryogbe/Documents/SalonSample/nightwatch-test/salon.js:21:17)
    at process._tickCallback (internal/process/next_tick.js:112:11)</failure>

    
    </testcase>
  

  
    <system-err>
      ERROR: Unable to locate element: &#34;#loginUsername&#34; using: css selector
    at F.command (/Users/maryogbe/Documents/SalonSample/node_modules/nightwatch/lib/api/assertions/visible.js:42:21)
    at F.module.exports.BaseAssertion._scheduleAssertion (/Users/maryogbe/Documents/SalonSample/node_modules/nightwatch/lib/core/assertion.js:87:17)
    at F.module.exports.BaseAssertion._executeCommand (/Users/maryogbe/Documents/SalonSample/node_modules/nightwatch/lib/core/assertion.js:82:17)
    at AssertionInstance.commandFn [as _commandFn] (/Users/maryogbe/Documents/SalonSample/node_modules/nightwatch/lib/core/assertion.js:180:21)
    at AsyncTree.runCommand (/Users/maryogbe/Documents/SalonSample/node_modules/nightwatch/lib/core/queue.js:154:30)
    at AsyncTree.runChildNode (/Users/maryogbe/Documents/SalonSample/node_modules/nightwatch/lib/core/queue.js:114:8)
    at AsyncTree.walkDown (/Users/maryogbe/Documents/SalonSample/node_modules/nightwatch/lib/core/queue.js:80:10)
    at AsyncTree.walkUp (/Users/maryogbe/Documents/SalonSample/node_modules/nightwatch/lib/core/queue.js:97:8)
    at AsyncTree.walkDown (/Users/maryogbe/Documents/SalonSample/node_modules/nightwatch/lib/core/queue.js:90:12)
    at AsyncTree.traverse (/Users/maryogbe/Documents/SalonSample/node_modules/nightwatch/lib/core/queue.js:73:8)
ERROR: Unable to locate element: &#34;#loginPassword&#34; using: css selector
    at F.command (/Users/maryogbe/Documents/SalonSample/node_modules/nightwatch/lib/api/assertions/visible.js:42:21)
    at F.module.exports.BaseAssertion._scheduleAssertion (/Users/maryogbe/Documents/SalonSample/node_modules/nightwatch/lib/core/assertion.js:87:17)
    at F.module.exports.BaseAssertion._executeCommand (/Users/maryogbe/Documents/SalonSample/node_modules/nightwatch/lib/core/assertion.js:82:17)
    at AssertionInstance.commandFn [as _commandFn] (/Users/maryogbe/Documents/SalonSample/node_modules/nightwatch/lib/core/assertion.js:180:21)
    at AsyncTree.runCommand (/Users/maryogbe/Documents/SalonSample/node_modules/nightwatch/lib/core/queue.js:154:30)
    at AsyncTree.runChildNode (/Users/maryogbe/Documents/SalonSample/node_modules/nightwatch/lib/core/queue.js:114:8)
    at AsyncTree.walkDown (/Users/maryogbe/Documents/SalonSample/node_modules/nightwatch/lib/core/queue.js:80:10)
    at AsyncTree.walkUp (/Users/maryogbe/Documents/SalonSample/node_modules/nightwatch/lib/core/queue.js:97:8)
    at AsyncTree.walkDown (/Users/maryogbe/Documents/SalonSample/node_modules/nightwatch/lib/core/queue.js:90:12)
    at AsyncTree.walkUp (/Users/maryogbe/Documents/SalonSample/node_modules/nightwatch/lib/core/queue.js:97:8)
    </system-err>
  

  
  </testsuite>
</testsuites>
